Microsoft HTML Help Compiler 4.74.8702

Compiling c:\Documents and Settings\mabensalem\My Documents\sema_sirius2009\trunk\Code\SiriusHelpWindow.chm


Compile time: 0 minutes, 0 seconds
5	Topics
7	Local links
2	Internet links
0	Graphics


Created c:\Documents and Settings\mabensalem\My Documents\sema_sirius2009\trunk\Code\SiriusHelpWindow.chm, 24,742 bytes
Compression decreased file by 15,222 bytes.
Microsoft HTML Help Compiler 4.74.8702

Compiling c:\Documents and Settings\mabensalem\My Documents\sema_sirius2009\trunk\Code\SiriusHelpWindow.chm


Compile time: 0 minutes, 0 seconds
5	Topics
7	Local links
2	Internet links
0	Graphics


Created c:\Documents and Settings\mabensalem\My Documents\sema_sirius2009\trunk\Code\SiriusHelpWindow.chm, 16,078 bytes
Compression increased file by 1,558 bytes.
Microsoft HTML Help Compiler 4.74.8702

Compiling c:\Documents and Settings\mabensalem\My Documents\sema_sirius2009\trunk\Code\SiriusHelpWindow.chm


Compile time: 0 minutes, 0 seconds
5	Topics
7	Local links
2	Internet links
0	Graphics


Created c:\Documents and Settings\mabensalem\My Documents\sema_sirius2009\trunk\Code\SiriusHelpWindow.chm, 16,078 bytes
Compression increased file by 1,558 bytes.
Microsoft HTML Help Compiler 4.74.8702

Compiling c:\Documents and Settings\mabensalem\My Documents\sema_sirius2009\trunk\Code\SiriusHelpWindow.chm


Compile time: 0 minutes, 0 seconds
5	Topics
7	Local links
2	Internet links
0	Graphics


Created c:\Documents and Settings\mabensalem\My Documents\sema_sirius2009\trunk\Code\SiriusHelpWindow.chm, 16,108 bytes
Compression increased file by 1,497 bytes.
